============================= test session starts =============================
platform win32 -- Python 3.14.2, pytest-9.0.2, pluggy-1.6.0 -- D:\Program\Environment\Python\Python314\python.exe
cachedir: .pytest_cache
rootdir: D:\Program\Source\Nonobeam\stock-trading\golang-stock-trading\ml-service
configfile: pytest.ini (WARNING: ignoring pytest config in pyproject.toml!)
collecting ... collected 47 items

tests/test_portfolio_filter.py::test_good_candidate_passes PASSED        [  2%]
tests/test_portfolio_filter.py::test_no_predictions_eliminated PASSED    [  4%]
tests/test_portfolio_filter.py::test_floor_prob_at_boundary_passes PASSED [  6%]
tests/test_portfolio_filter.py::test_floor_prob_below_threshold_passes PASSED [  8%]
tests/test_portfolio_filter.py::test_low_volume_eliminated PASSED        [ 10%]
tests/test_portfolio_filter.py::test_low_return_eliminated PASSED        [ 12%]
tests/test_portfolio_filter.py::test_low_confidence_eliminated PASSED    [ 14%]
tests/test_portfolio_filter.py::test_multiple_stocks_partial_pass PASSED [ 17%]
tests/test_portfolio_filter.py::test_no_price_history_skips_technical_filters PASSED [ 19%]
tests/test_portfolio_filter.py::test_compute_sma_basic PASSED            [ 21%]
tests/test_portfolio_filter.py::test_compute_sma_insufficient PASSED     [ 23%]
tests/test_portfolio_filter.py::test_compute_rsi_all_gains PASSED        [ 25%]
tests/test_portfolio_filter.py::test_compute_rsi_all_losses PASSED       [ 27%]
tests/test_portfolio_filter.py::test_compute_rsi_insufficient PASSED     [ 29%]
tests/test_portfolio_filter.py::test_trend_pass_strong_uptrend PASSED    [ 31%]
tests/test_portfolio_filter.py::test_trend_fail_downtrend PASSED         [ 34%]
tests/test_portfolio_filter.py::test_trend_fail_insufficient_history PASSED [ 36%]
tests/test_portfolio_filter.py::test_trend_fail_price_below_sma20 PASSED [ 38%]
tests/test_portfolio_filter.py::test_momentum_pass PASSED                [ 40%]
tests/test_portfolio_filter.py::test_momentum_fail_20d PASSED            [ 42%]
tests/test_portfolio_filter.py::test_momentum_fail_60d PASSED            [ 44%]
tests/test_portfolio_filter.py::test_momentum_insufficient_history PASSED [ 46%]
tests/test_portfolio_filter.py::test_volume_confirmation_pass PASSED     [ 48%]
tests/test_portfolio_filter.py::test_volume_confirmation_fail_drying_up PASSED [ 51%]
tests/test_portfolio_filter.py::test_volume_confirmation_boundary PASSED [ 53%]
tests/test_portfolio_filter.py::test_rsi_healthy_range_passes PASSED     [ 55%]
tests/test_portfolio_filter.py::test_rsi_oversold_eliminated PASSED      [ 57%]
tests/test_portfolio_filter.py::test_rsi_insufficient_history PASSED     [ 59%]
tests/test_portfolio_filter.py::test_hhhl_pass PASSED                    [ 61%]
tests/test_portfolio_filter.py::test_hhhl_fail_downtrend PASSED          [ 63%]
tests/test_portfolio_filter.py::test_hhhl_fail_no_higher_high PASSED     [ 65%]
tests/test_portfolio_filter.py::test_hhhl_insufficient_history PASSED    [ 68%]
tests/test_portfolio_filter.py::test_no_sharp_drop_pass PASSED           [ 70%]
tests/test_portfolio_filter.py::test_sharp_drop_within_window_isolated PASSED [ 72%]
tests/test_portfolio_filter.py::test_sharp_drop_boundary_passes PASSED   [ 74%]
tests/test_portfolio_filter.py::test_sharp_drop_insufficient_history PASSED [ 76%]
tests/test_portfolio_filter.py::test_52wk_high_pass PASSED               [ 78%]
tests/test_portfolio_filter.py::test_52wk_high_fail_fallen_stock PASSED  [ 80%]
tests/test_portfolio_filter.py::test_52wk_high_boundary_passes PASSED    [ 82%]
tests/test_portfolio_filter.py::test_52wk_insufficient_history PASSED    [ 85%]
tests/test_portfolio_filter.py::test_positive_days_pass PASSED           [ 87%]
tests/test_portfolio_filter.py::test_positive_days_fail_persistent_selling PASSED [ 89%]
tests/test_portfolio_filter.py::test_positive_days_boundary PASSED       [ 91%]
tests/test_portfolio_filter.py::test_positive_days_insufficient_history PASSED [ 93%]
tests/test_portfolio_filter.py::test_audit_trail_has_technical_reason_field PASSED [ 95%]
tests/test_portfolio_filter.py::test_ml_failure_short_circuits_technical PASSED [ 97%]
tests/test_portfolio_filter.py::test_multi_stock_mixed_filters PASSED    [100%]

============================= 47 passed in 0.18s ==============================
